11-06-2019:17:49:54,689 INFO [test_1.py:75] 手机与appium服务器建立连接成功.....
11-06-2019:17:49:54,692 INFO [test_1.py:80] 点击密码按键，进入账号密码登录页面
11-06-2019:17:50:08,751 INFO [test_1.py:88] 输入的手机号是：19937102621
11-06-2019:17:50:17,69 INFO [test_1.py:91] 输入的手机号是：
11-06-2019:17:50:20,411 INFO [test_1.py:93] 点击登录按钮
11-06-2019:17:50:26,414 INFO [test_1.py:101] 登录失败的处理......
11-06-2019:17:50:41,759 INFO [test_1.py:88] 输入的手机号是： 
11-06-2019:17:50:48,963 INFO [test_1.py:91] 输入的手机号是：jie2121
11-06-2019:17:50:52,185 INFO [test_1.py:93] 点击登录按钮
11-06-2019:17:50:58,186 INFO [test_1.py:101] 登录失败的处理......
11-06-2019:17:51:05,97 INFO [test_1.py:88] 输入的手机号是： 
11-06-2019:17:51:12,826 INFO [test_1.py:91] 输入的手机号是：
11-06-2019:17:51:16,77 INFO [test_1.py:93] 点击登录按钮
11-06-2019:17:51:22,78 INFO [test_1.py:101] 登录失败的处理......
11-06-2019:17:51:30,168 INFO [test_1.py:88] 输入的手机号是：19937102621
11-06-2019:17:51:38,73 INFO [test_1.py:91] 输入的手机号是：jie2121.
11-06-2019:17:51:38,950 INFO [test_1.py:93] 点击登录按钮
11-06-2019:17:51:44,951 INFO [test_1.py:101] 登录失败的处理......
11-06-2019:17:51:45,886 INFO [test_1.py:109] 登录成功的处理......
11-06-2019:17:51:46,133 INFO [test_1.py:114] 手机与appium断开连接......
11-06-2019:20:30:40,870 INFO [test_1.py:75] 手机与appium服务器建立连接成功.....
11-06-2019:20:30:40,881 INFO [test_1.py:80] 点击密码按键，进入账号密码登录页面
11-06-2019:20:30:40,954 INFO [test_1.py:114] 手机与appium断开连接......
11-06-2019:20:31:10,873 INFO [test_1.py:75] 手机与appium服务器建立连接成功.....
11-06-2019:20:31:10,873 INFO [test_1.py:80] 点击密码按键，进入账号密码登录页面
11-06-2019:20:31:11,72 INFO [test_1.py:114] 手机与appium断开连接......
11-06-2019:20:35:36,209 INFO [test_1.py:75] 手机与appium服务器建立连接成功.....
11-06-2019:20:35:36,210 INFO [test_1.py:80] 点击密码按键，进入账号密码登录页面
11-06-2019:20:35:49,286 INFO [test_1.py:88] 输入的手机号是：19937102621
11-06-2019:20:35:56,317 INFO [test_1.py:91] 输入的手机号是：
11-06-2019:20:36:01,213 INFO [test_1.py:93] 点击登录按钮
11-06-2019:20:36:07,214 INFO [test_1.py:101] 登录失败的处理......
11-06-2019:20:36:16,51 INFO [test_1.py:88] 输入的手机号是： 
11-06-2019:20:36:23,29 INFO [test_1.py:91] 输入的手机号是：jie2121
11-06-2019:20:36:26,185 INFO [test_1.py:93] 点击登录按钮
11-06-2019:20:36:32,185 INFO [test_1.py:101] 登录失败的处理......
11-06-2019:20:36:39,73 INFO [test_1.py:88] 输入的手机号是： 
11-06-2019:20:36:46,670 INFO [test_1.py:91] 输入的手机号是：
11-06-2019:20:36:49,806 INFO [test_1.py:93] 点击登录按钮
11-06-2019:20:36:55,806 INFO [test_1.py:101] 登录失败的处理......
11-06-2019:20:37:02,772 INFO [test_1.py:88] 输入的手机号是：19937102621
11-06-2019:20:37:09,642 INFO [test_1.py:91] 输入的手机号是：jie2121.
11-06-2019:20:37:10,166 INFO [test_1.py:93] 点击登录按钮
11-06-2019:20:37:16,167 INFO [test_1.py:101] 登录失败的处理......
11-06-2019:20:37:16,271 INFO [test_1.py:109] 登录成功的处理......
11-06-2019:20:37:16,450 INFO [test_1.py:114] 手机与appium断开连接......
