22-06-2019:17:38:52,911 INFO [shouye.py:11] 法法师达大厦
22-06-2019:17:40:34,726 INFO [shouye.py:11] 法法师达大厦
22-06-2019:17:46:29,131 INFO [shouye.py:11] 登录
22-06-2019:17:46:32,406 INFO [shouye.py:16] 切换账号密码登录
22-06-2019:17:46:35,544 INFO [shouye.py:19] 输入密码
22-06-2019:17:46:38,685 INFO [shouye.py:22] 输入账号
22-06-2019:17:46:43,637 INFO [shouye.py:25] 点击登录
22-06-2019:17:47:10,811 INFO [shouye.py:11] 登录
22-06-2019:17:47:14,436 INFO [shouye.py:16] 切换账号密码登录
22-06-2019:17:47:17,501 INFO [shouye.py:19] 输入密码
22-06-2019:17:47:20,541 INFO [shouye.py:22] 输入账号
22-06-2019:17:47:25,347 INFO [shouye.py:25] 点击登录
22-06-2019:19:28:07,968 INFO [shouye.py:10] 登录
22-06-2019:19:28:11,251 INFO [shouye.py:15] 切换账号密码登录
22-06-2019:19:28:14,347 INFO [shouye.py:18] 输入密码
22-06-2019:19:28:17,469 INFO [shouye.py:21] 输入账号
22-06-2019:19:28:23,104 INFO [shouye.py:24] 点击登录
22-06-2019:19:28:58,261 INFO [shouye.py:10] 登录
22-06-2019:19:29:01,562 INFO [shouye.py:15] 切换账号密码登录
22-06-2019:19:29:04,591 INFO [shouye.py:18] 输入密码
22-06-2019:19:29:07,626 INFO [shouye.py:21] 输入账号
22-06-2019:19:29:12,345 INFO [shouye.py:24] 点击登录
22-06-2019:19:30:24,582 INFO [shouye.py:10] 登录
22-06-2019:19:30:27,837 INFO [shouye.py:15] 切换账号密码登录
22-06-2019:19:30:30,941 INFO [shouye.py:18] 输入密码
22-06-2019:19:30:34,47 INFO [shouye.py:21] 输入账号
22-06-2019:19:30:39,117 INFO [shouye.py:24] 点击登录
22-06-2019:19:31:17,972 INFO [shouye.py:10] 登录
22-06-2019:19:31:21,245 INFO [shouye.py:15] 切换账号密码登录
22-06-2019:19:31:24,360 INFO [shouye.py:18] 输入密码
22-06-2019:19:31:27,394 INFO [shouye.py:21] 输入账号
22-06-2019:19:31:33,24 INFO [shouye.py:24] 点击登录
22-06-2019:19:33:45,970 INFO [shouye.py:10] 登录
22-06-2019:19:33:49,235 INFO [shouye.py:15] 切换账号密码登录
22-06-2019:19:33:52,329 INFO [shouye.py:18] 输入密码
22-06-2019:19:33:55,450 INFO [shouye.py:21] 输入账号
22-06-2019:19:34:00,767 INFO [shouye.py:24] 点击登录
22-06-2019:19:34:32,990 INFO [shouye.py:10] 登录
22-06-2019:19:34:36,735 INFO [shouye.py:15] 切换账号密码登录
22-06-2019:19:34:39,797 INFO [shouye.py:18] 输入密码
22-06-2019:19:34:42,828 INFO [shouye.py:21] 输入账号
22-06-2019:19:34:47,839 INFO [shouye.py:24] 点击登录
22-06-2019:19:35:33,790 INFO [shouye.py:10] 登录
22-06-2019:19:35:37,559 INFO [shouye.py:15] 切换账号密码登录
22-06-2019:19:35:40,636 INFO [shouye.py:18] 输入密码
22-06-2019:19:35:43,692 INFO [shouye.py:21] 输入账号
22-06-2019:19:35:49,404 INFO [shouye.py:24] 点击登录
22-06-2019:19:38:09,648 INFO [shouye.py:10] 登录
22-06-2019:19:38:12,919 INFO [shouye.py:15] 切换账号密码登录
22-06-2019:19:38:15,959 INFO [shouye.py:18] 输入密码
22-06-2019:19:38:19,3 INFO [shouye.py:21] 输入账号
22-06-2019:19:38:23,936 INFO [shouye.py:24] 点击登录
22-06-2019:19:38:53,818 INFO [shouye.py:10] 登录
22-06-2019:19:38:57,113 INFO [shouye.py:15] 切换账号密码登录
22-06-2019:19:39:00,250 INFO [shouye.py:18] 输入密码
22-06-2019:19:39:03,416 INFO [shouye.py:21] 输入账号
22-06-2019:19:39:08,440 INFO [shouye.py:24] 点击登录
